Kernel end addr: 0xC01D61B0
End ADDR: 0x1D61B0
	   - Frame Allocator: Frame Bitmap at 0xC01D61B0
	   - Frame Allocator: Available Memory: 0x0 - 0x9FC00: 0 Mo
	   - Frame Allocator: Available Memory: 0x100000 - 0xBFF7FC00: 3070 Mo
	   - Frame Allocator: Total Frames: 786303
	   - Used Frames: 1572229
	   - Free Frames: 256
	   - Frame Allocator start addr: 0xC01D61B0 - end addr: 0xC0236170
New page directory allocated at VA=0xC01EF000, PA=0x1EF000
Dir: 0xC01EF000
Dir physicalAddr: 0x1EF000
Page table pool initialized
Base: 0xC01F2000 -> 0xC02F2000
Size: 1048576
Pool can manage 256 page tables
Higher-half page table allocated at VA=0xC01F2000, PA=0x1F2000
Create page from 0xC0400000 to 0xC0500000
Validate mappings [2]
Page not found at VA=0xC0400000
Page not found at VA=0xC0401000
Page not found at VA=0xC0402000
Page not found at VA=0xC0403000
Page not found at VA=0xC0404000
Page not found at VA=0xC0405000
Page not found at VA=0xC0406000
Page not found at VA=0xC0407000
Page not found at VA=0xC0408000
Page not found at VA=0xC0409000
Page not found at VA=0xC040A000
Page not found at VA=0xC040B000
Page not found at VA=0xC040C000
Page not found at VA=0xC040D000
Page not found at VA=0xC040E000
Page not found at VA=0xC040F000
Page not found at VA=0xC0410000
Page not found at VA=0xC0411000
Page not found at VA=0xC0412000
Page not found at VA=0xC0413000
Page not found at VA=0xC0414000
Page not found at VA=0xC0415000
Page not found at VA=0xC0416000
Page not found at VA=0xC0417000
Page not found at VA=0xC0418000
Page not found at VA=0xC0419000
Page not found at VA=0xC041A000
Page not found at VA=0xC041B000
Page not found at VA=0xC041C000
Page not found at VA=0xC041D000
Page not found at VA=0xC041E000
Page not found at VA=0xC041F000
Page not found at VA=0xC0420000
Page not found at VA=0xC0421000
Page not found at VA=0xC0422000
Page not found at VA=0xC0423000
Page not found at VA=0xC0424000
Page not found at VA=0xC0425000
Page not found at VA=0xC0426000
Page not found at VA=0xC0427000
Page not found at VA=0xC0428000
Page not found at VA=0xC0429000
Page not found at VA=0xC042A000
Page not found at VA=0xC042B000
Page not found at VA=0xC042C000
Page not found at VA=0xC042D000
Page not found at VA=0xC042E000
Page not found at VA=0xC042F000
Page not found at VA=0xC0430000
Page not found at VA=0xC0431000
Page not found at VA=0xC0432000
Page not found at VA=0xC0433000
Page not found at VA=0xC0434000
Page not found at VA=0xC0435000
Page not found at VA=0xC0436000
Page not found at VA=0xC0437000
Page not found at VA=0xC0438000
Page not found at VA=0xC0439000
Page not found at VA=0xC043A000
Page not found at VA=0xC043B000
Page not found at VA=0xC043C000
Page not found at VA=0xC043D000
Page not found at VA=0xC043E000
Page not found at VA=0xC043F000
Page not found at VA=0xC0440000
Page not found at VA=0xC0441000
Page not found at VA=0xC0442000
Page not found at VA=0xC0443000
Page not found at VA=0xC0444000
Page not found at VA=0xC0445000
Page not found at VA=0xC0446000
Page not found at VA=0xC0447000
Page not found at VA=0xC0448000
Page not found at VA=0xC0449000
Page not found at VA=0xC044A000
Page not found at VA=0xC044B000
Page not found at VA=0xC044C000
Page not found at VA=0xC044D000
Page not found at VA=0xC044E000
Page not found at VA=0xC044F000
Page not found at VA=0xC0450000
Page not found at VA=0xC0451000
Page not found at VA=0xC0452000
Page not found at VA=0xC0453000
Page not found at VA=0xC0454000
Page not found at VA=0xC0455000
Page not found at VA=0xC0456000
Page not found at VA=0xC0457000
Page not found at VA=0xC0458000
Page not found at VA=0xC0459000
Page not found at VA=0xC045A000
Page not found at VA=0xC045B000
Page not found at VA=0xC045C000
Page not found at VA=0xC045D000
Page not found at VA=0xC045E000
Page not found at VA=0xC045F000
Page not found at VA=0xC0460000
Page not found at VA=0xC0461000
Page not found at VA=0xC0462000
Page not found at VA=0xC0463000
Page not found at VA=0xC0464000
Page not found at VA=0xC0465000
Page not found at VA=0xC0466000
Page not found at VA=0xC0467000
Page not found at VA=0xC0468000
Page not found at VA=0xC0469000
Page not found at VA=0xC046A000
Page not found at VA=0xC046B000
Page not found at VA=0xC046C000
Page not found at VA=0xC046D000
Page not found at VA=0xC046E000
Page not found at VA=0xC046F000
Page not found at VA=0xC0470000
Page not found at VA=0xC0471000
Page not found at VA=0xC0472000
Page not found at VA=0xC0473000
Page not found at VA=0xC0474000
Page not found at VA=0xC0475000
Page not found at VA=0xC0476000
Page not found at VA=0xC0477000
Page not found at VA=0xC0478000
Page not found at VA=0xC0479000
Page not found at VA=0xC047A000
Page not found at VA=0xC047B000
Page not found at VA=0xC047C000
Page not found at VA=0xC047D000
Page not found at VA=0xC047E000
Page not found at VA=0xC047F000
Page not found at VA=0xC0480000
Page not found at VA=0xC0481000
Page not found at VA=0xC0482000
Page not found at VA=0xC0483000
Page not found at VA=0xC0484000
Page not found at VA=0xC0485000
Page not found at VA=0xC0486000
Page not found at VA=0xC0487000
Page not found at VA=0xC0488000
Page not found at VA=0xC0489000
Page not found at VA=0xC048A000
Page not found at VA=0xC048B000
Page not found at VA=0xC048C000
Page not found at VA=0xC048D000
Page not found at VA=0xC048E000
Page not found at VA=0xC048F000
Page not found at VA=0xC0490000
Page not found at VA=0xC0491000
Page not found at VA=0xC0492000
Page not found at VA=0xC0493000
Page not found at VA=0xC0494000
Page not found at VA=0xC0495000
Page not found at VA=0xC0496000
Page not found at VA=0xC0497000
Page not found at VA=0xC0498000
Page not found at VA=0xC0499000
Page not found at VA=0xC049A000
Page not found at VA=0xC049B000
Page not found at VA=0xC049C000
Page not found at VA=0xC049D000
Page not found at VA=0xC049E000
Page not found at VA=0xC049F000
Page not found at VA=0xC04A0000
Page not found at VA=0xC04A1000
Page not found at VA=0xC04A2000
Page not found at VA=0xC04A3000
Page not found at VA=0xC04A4000
Page not found at VA=0xC04A5000
Page not found at VA=0xC04A6000
Page not found at VA=0xC04A7000
Page not found at VA=0xC04A8000
Page not found at VA=0xC04A9000
Page not found at VA=0xC04AA000
Page not found at VA=0xC04AB000
Page not found at VA=0xC04AC000
Page not found at VA=0xC04AD000
Page not found at VA=0xC04AE000
Page not found at VA=0xC04AF000
Page not found at VA=0xC04B0000
Page not found at VA=0xC04B1000
Page not found at VA=0xC04B2000
Page not found at VA=0xC04B3000
Page not found at VA=0xC04B4000
Page not found at VA=0xC04B5000
Page not found at VA=0xC04B6000
Page not found at VA=0xC04B7000
Page not found at VA=0xC04B8000
Page not found at VA=0xC04B9000
Page not found at VA=0xC04BA000
Page not found at VA=0xC04BB000
Page not found at VA=0xC04BC000
Page not found at VA=0xC04BD000
Page not found at VA=0xC04BE000
Page not found at VA=0xC04BF000
Page not found at VA=0xC04C0000
Page not found at VA=0xC04C1000
Page not found at VA=0xC04C2000
Page not found at VA=0xC04C3000
Page not found at VA=0xC04C4000
Page not found at VA=0xC04C5000
Page not found at VA=0xC04C6000
Page not found at VA=0xC04C7000
Page not found at VA=0xC04C8000
Page not found at VA=0xC04C9000
Page not found at VA=0xC04CA000
Page not found at VA=0xC04CB000
Page not found at VA=0xC04CC000
Page not found at VA=0xC04CD000
Page not found at VA=0xC04CE000
Page not found at VA=0xC04CF000
Page not found at VA=0xC04D0000
Page not found at VA=0xC04D1000
Page not found at VA=0xC04D2000
Page not found at VA=0xC04D3000
Page not found at VA=0xC04D4000
Page not found at VA=0xC04D5000
Page not found at VA=0xC04D6000
Page not found at VA=0xC04D7000
Page not found at VA=0xC04D8000
Page not found at VA=0xC04D9000
Page not found at VA=0xC04DA000
Page not found at VA=0xC04DB000
Page not found at VA=0xC04DC000
Page not found at VA=0xC04DD000
Page not found at VA=0xC04DE000
Page not found at VA=0xC04DF000
Page not found at VA=0xC04E0000
Page not found at VA=0xC04E1000
Page not found at VA=0xC04E2000
Page not found at VA=0xC04E3000
Page not found at VA=0xC04E4000
Page not found at VA=0xC04E5000
Page not found at VA=0xC04E6000
Page not found at VA=0xC04E7000
Page not found at VA=0xC04E8000
Page not found at VA=0xC04E9000
Page not found at VA=0xC04EA000
Page not found at VA=0xC04EB000
Page not found at VA=0xC04EC000
Page not found at VA=0xC04ED000
Page not found at VA=0xC04EE000
Page not found at VA=0xC04EF000
Page not found at VA=0xC04F0000
Page not found at VA=0xC04F1000
Page not found at VA=0xC04F2000
Page not found at VA=0xC04F3000
Page not found at VA=0xC04F4000
Page not found at VA=0xC04F5000
Page not found at VA=0xC04F6000
Page not found at VA=0xC04F7000
Page not found at VA=0xC04F8000
Page not found at VA=0xC04F9000
Page not found at VA=0xC04FA000
Page not found at VA=0xC04FB000
Page not found at VA=0xC04FC000
Page not found at VA=0xC04FD000
Page not found at VA=0xC04FE000
Page not found at VA=0xC04FF000
