This file contains any messages produced by compilers while
running configure, to aid debugging if configure makes a mistake.

It was created by xorriso configure 1.4.6, which was
generated by GNU Autoconf 2.69.  Invocation command line was

  $ ./configure --prefix=/usr

## --------- ##
## Platform. ##
## --------- ##

hostname = Vintz
uname -m = x86_64
uname -r = 5.18.0-051800-generic
uname -s = Linux
uname -v = #202205222030 SMP PREEMPT_DYNAMIC Sun May 22 20:33:46 UTC 2022

/usr/bin/uname -p = x86_64
/bin/uname -X     = unknown

/bin/arch              = x86_64
/usr/bin/arch -k       = unknown
/usr/convex/getsysinfo = unknown
/usr/bin/hostinfo      = unknown
/bin/machine           = unknown
/usr/bin/oslevel       = unknown
/bin/universe          = unknown

PATH: /home/vintz/miniconda3/condabin
PATH: /usr/local/sbin
PATH: /usr/local/bin
PATH: /usr/sbin
PATH: /usr/bin
PATH: /sbin
PATH: /bin
PATH: /usr/games
PATH: /usr/local/games
PATH: /snap/bin
PATH: /home/vintz/.antigen/bundles/robbyrussell/oh-my-zsh/lib
PATH: /home/vintz/.antigen/bundles/robbyrussell/oh-my-zsh/plugins/git
PATH: /home/vintz/.antigen/bundles/robbyrussell/oh-my-zsh/plugins/heroku
PATH: /home/vintz/.antigen/bundles/robbyrussell/oh-my-zsh/plugins/pip
PATH: /home/vintz/.antigen/bundles/robbyrussell/oh-my-zsh/plugins/lein
PATH: /home/vintz/.antigen/bundles/robbyrussell/oh-my-zsh/plugins/command-not-found
PATH: /home/vintz/.antigen/bundles/zsh-users/zsh-syntax-highlighting


## ----------- ##
## Core tests. ##
## ----------- ##

configure:2423: checking build system type
configure:2437: result: x86_64-unknown-linux-gnu
configure:2457: checking host system type
configure:2470: result: x86_64-unknown-linux-gnu
configure:2490: checking target system type
configure:2503: result: x86_64-unknown-linux-gnu
configure:2561: checking for a BSD-compatible install
configure:2629: result: /usr/bin/install -c
configure:2640: checking whether build environment is sane
configure:2695: result: yes
configure:2846: checking for a thread-safe mkdir -p
configure:2885: result: /usr/bin/mkdir -p
configure:2892: checking for gawk
configure:2908: found /usr/bin/gawk
configure:2919: result: gawk
configure:2930: checking whether make sets $(MAKE)
configure:2952: result: yes
configure:2981: checking whether make supports nested variables
configure:2998: result: yes
configure:3153: checking whether to enable maintainer-specific portions of Makefiles
configure:3162: result: no
configure:3188: checking for style of include used by make
configure:3216: result: GNU
configure:3287: checking for gcc
configure:3303: found /usr/bin/gcc
configure:3314: result: gcc
configure:3543: checking for C compiler version
configure:3552: gcc --version >&5
gcc (Ubuntu 11.3.0-1ubuntu1~22.04) 11.3.0
Copyright (C) 2021 Free Software Foundation, Inc.
This is free software; see the source for copying conditions.  There is NO
warranty; not even for MERCHANTABILITY or FITNESS FOR A PARTICULAR PURPOSE.

configure:3563: $? = 0
configure:3552: gcc -v >&5
Using built-in specs.
COLLECT_GCC=gcc
COLLECT_LTO_WRAPPER=/usr/lib/gcc/x86_64-linux-gnu/11/lto-wrapper
OFFLOAD_TARGET_NAMES=nvptx-none:amdgcn-amdhsa
OFFLOAD_TARGET_DEFAULT=1
Target: x86_64-linux-gnu
Configured with: ../src/configure -v --with-pkgversion='Ubuntu 11.3.0-1ubuntu1~22.04' --with-bugurl=file:///usr/share/doc/gcc-11/README.Bugs --enable-languages=c,ada,c++,go,brig,d,fortran,objc,obj-c++,m2 --prefix=/usr --with-gcc-major-version-only --program-suffix=-11 --program-prefix=x86_64-linux-gnu- --enable-shared --enable-linker-build-id --libexecdir=/usr/lib --without-included-gettext --enable-threads=posix --libdir=/usr/lib --enable-nls --enable-bootstrap --enable-clocale=gnu --enable-libstdcxx-debug --enable-libstdcxx-time=yes --with-default-libstdcxx-abi=new --enable-gnu-unique-object --disable-vtable-verify --enable-plugin --enable-default-pie --with-system-zlib --enable-libphobos-checking=release --with-target-system-zlib=auto --enable-objc-gc=auto --enable-multiarch --disable-werror --enable-cet --with-arch-32=i686 --with-abi=m64 --with-multilib-list=m32,m64,mx32 --enable-multilib --with-tune=generic --enable-offload-targets=nvptx-none=/build/gcc-11-xKiWfi/gcc-11-11.3.0/debian/tmp-nvptx/usr,amdgcn-amdhsa=/build/gcc-11-xKiWfi/gcc-11-11.3.0/debian/tmp-gcn/usr --without-cuda-driver --enable-checking=release --build=x86_64-linux-gnu --host=x86_64-linux-gnu --target=x86_64-linux-gnu --with-build-config=bootstrap-lto-lean --enable-link-serialization=2
Thread model: posix
Supported LTO compression algorithms: zlib zstd
gcc version 11.3.0 (Ubuntu 11.3.0-1ubuntu1~22.04) 
... rest of stderr output deleted ...
configure:3563: $? = 0
configure:3552: gcc -V >&5
gcc: error: unrecognized command-line option '-V'
gcc: fatal error: no input files
compilation terminated.
configure:3563: $? = 1
configure:3552: gcc -qversion >&5
gcc: error: unrecognized command-line option '-qversion'; did you mean '--version'?
gcc: fatal error: no input files
compilation terminated.
configure:3563: $? = 1
configure:3583: checking whether the C compiler works
configure:3605: gcc    conftest.c  >&5
configure:3609: $? = 0
configure:3657: result: yes
configure:3660: checking for C compiler default output file name
configure:3662: result: a.out
configure:3668: checking for suffix of executables
configure:3675: gcc -o conftest    conftest.c  >&5
configure:3679: $? = 0
configure:3701: result: 
configure:3723: checking whether we are cross compiling
configure:3731: gcc -o conftest    conftest.c  >&5
configure:3735: $? = 0
configure:3742: ./conftest
configure:3746: $? = 0
configure:3761: result: no
configure:3766: checking for suffix of object files
configure:3788: gcc -c   conftest.c >&5
configure:3792: $? = 0
configure:3813: result: o
configure:3817: checking whether we are using the GNU C compiler
configure:3836: gcc -c   conftest.c >&5
configure:3836: $? = 0
configure:3845: result: yes
configure:3854: checking whether gcc accepts -g
configure:3874: gcc -c -g  conftest.c >&5
configure:3874: $? = 0
configure:3915: result: yes
configure:3932: checking for gcc option to accept ISO C89
configure:3995: gcc  -c -g -O2  conftest.c >&5
configure:3995: $? = 0
configure:4008: result: none needed
configure:4033: checking whether gcc understands -c and -o together
configure:4055: gcc -c conftest.c -o conftest2.o
configure:4058: $? = 0
configure:4055: gcc -c conftest.c -o conftest2.o
configure:4058: $? = 0
configure:4070: result: yes
configure:4089: checking dependency style of gcc
configure:4200: result: gcc3
configure:4217: checking for an ANSI C-conforming const
configure:4283: gcc -c -g -O2  conftest.c >&5
configure:4283: $? = 0
configure:4290: result: yes
configure:4298: checking for inline
configure:4314: gcc -c -g -O2  conftest.c >&5
configure:4314: $? = 0
configure:4322: result: inline
configure:4345: checking how to run the C preprocessor
configure:4376: gcc -E  conftest.c
configure:4376: $? = 0
configure:4390: gcc -E  conftest.c
conftest.c:12:10: fatal error: ac_nonexistent.h: No such file or directory
   12 | #include <ac_nonexistent.h>
      |          ^~~~~~~~~~~~~~~~~~
compilation terminated.
configure:4390: $? = 1
configure: failed program was:
| /* confdefs.h */
| #define PACKAGE_NAME "xorriso"
| #define PACKAGE_TARNAME "xorriso"
| #define PACKAGE_VERSION "1.4.6"
| #define PACKAGE_STRING "xorriso 1.4.6"
| #define PACKAGE_BUGREPORT "http://libburnia-project.org"
| #define PACKAGE_URL ""
| #define PACKAGE "xorriso"
| #define VERSION "1.4.6"
| #define Xorriso_standalonE /**/
| /* end confdefs.h.  */
| #include <ac_nonexistent.h>
configure:4415: result: gcc -E
configure:4435: gcc -E  conftest.c
configure:4435: $? = 0
configure:4449: gcc -E  conftest.c
conftest.c:12:10: fatal error: ac_nonexistent.h: No such file or directory
   12 | #include <ac_nonexistent.h>
      |          ^~~~~~~~~~~~~~~~~~
compilation terminated.
configure:4449: $? = 1
configure: failed program was:
| /* confdefs.h */
| #define PACKAGE_NAME "xorriso"
| #define PACKAGE_TARNAME "xorriso"
| #define PACKAGE_VERSION "1.4.6"
| #define PACKAGE_STRING "xorriso 1.4.6"
| #define PACKAGE_BUGREPORT "http://libburnia-project.org"
| #define PACKAGE_URL ""
| #define PACKAGE "xorriso"
| #define VERSION "1.4.6"
| #define Xorriso_standalonE /**/
| /* end confdefs.h.  */
| #include <ac_nonexistent.h>
configure:4478: checking for grep that handles long lines and -e
configure:4536: result: /usr/bin/grep
configure:4541: checking for egrep
configure:4603: result: /usr/bin/grep -E
configure:4608: checking for ANSI C header files
configure:4628: gcc -c -g -O2  conftest.c >&5
configure:4628: $? = 0
configure:4701: gcc -o conftest -g -O2   conftest.c  >&5
configure:4701: $? = 0
configure:4701: ./conftest
configure:4701: $? = 0
configure:4712: result: yes
configure:4725: checking for sys/types.h
configure:4725: gcc -c -g -O2  conftest.c >&5
configure:4725: $? = 0
configure:4725: result: yes
configure:4725: checking for sys/stat.h
configure:4725: gcc -c -g -O2  conftest.c >&5
configure:4725: $? = 0
configure:4725: result: yes
configure:4725: checking for stdlib.h
configure:4725: gcc -c -g -O2  conftest.c >&5
configure:4725: $? = 0
configure:4725: result: yes
configure:4725: checking for string.h
configure:4725: gcc -c -g -O2  conftest.c >&5
configure:4725: $? = 0
configure:4725: result: yes
configure:4725: checking for memory.h
configure:4725: gcc -c -g -O2  conftest.c >&5
configure:4725: $? = 0
configure:4725: result: yes
configure:4725: checking for strings.h
configure:4725: gcc -c -g -O2  conftest.c >&5
configure:4725: $? = 0
configure:4725: result: yes
configure:4725: checking for inttypes.h
configure:4725: gcc -c -g -O2  conftest.c >&5
configure:4725: $? = 0
configure:4725: result: yes
configure:4725: checking for stdint.h
configure:4725: gcc -c -g -O2  conftest.c >&5
configure:4725: $? = 0
configure:4725: result: yes
configure:4725: checking for unistd.h
configure:4725: gcc -c -g -O2  conftest.c >&5
configure:4725: $? = 0
configure:4725: result: yes
configure:4737: checking whether byte ordering is bigendian
configure:4752: gcc -c -g -O2  conftest.c >&5
conftest.c:23:16: error: unknown type name 'not'
   23 |                not a universal capable compiler
      |                ^~~
conftest.c:23:22: error: expected '=', ',', ';', 'asm' or '__attribute__' before 'universal'
   23 |                not a universal capable compiler
      |                      ^~~~~~~~~
conftest.c:23:22: error: unknown type name 'universal'
configure:4752: $? = 1
configure: failed program was:
| /* confdefs.h */
| #define PACKAGE_NAME "xorriso"
| #define PACKAGE_TARNAME "xorriso"
| #define PACKAGE_VERSION "1.4.6"
| #define PACKAGE_STRING "xorriso 1.4.6"
| #define PACKAGE_BUGREPORT "http://libburnia-project.org"
| #define PACKAGE_URL ""
| #define PACKAGE "xorriso"
| #define VERSION "1.4.6"
| #define Xorriso_standalonE /**/
| #define STDC_HEADERS 1
| #define HAVE_SYS_TYPES_H 1
| #define HAVE_SYS_STAT_H 1
| #define HAVE_STDLIB_H 1
| #define HAVE_STRING_H 1
| #define HAVE_MEMORY_H 1
| #define HAVE_STRINGS_H 1
| #define HAVE_INTTYPES_H 1
| #define HAVE_STDINT_H 1
| #define HAVE_UNISTD_H 1
| /* end confdefs.h.  */
| #ifndef __APPLE_CC__
| 	       not a universal capable compiler
| 	     #endif
| 	     typedef int dummy;
| 
configure:4797: gcc -c -g -O2  conftest.c >&5
configure:4797: $? = 0
configure:4815: gcc -c -g -O2  conftest.c >&5
conftest.c: In function 'main':
conftest.c:29:18: error: unknown type name 'not'; did you mean 'ino_t'?
   29 |                  not big endian
      |                  ^~~
      |                  ino_t
conftest.c:29:26: error: expected '=', ',', ';', 'asm' or '__attribute__' before 'endian'
   29 |                  not big endian
      |                          ^~~~~~
configure:4815: $? = 1
configure: failed program was:
| /* confdefs.h */
| #define PACKAGE_NAME "xorriso"
| #define PACKAGE_TARNAME "xorriso"
| #define PACKAGE_VERSION "1.4.6"
| #define PACKAGE_STRING "xorriso 1.4.6"
| #define PACKAGE_BUGREPORT "http://libburnia-project.org"
| #define PACKAGE_URL ""
| #define PACKAGE "xorriso"
| #define VERSION "1.4.6"
| #define Xorriso_standalonE /**/
| #define STDC_HEADERS 1
| #define HAVE_SYS_TYPES_H 1
| #define HAVE_SYS_STAT_H 1
| #define HAVE_STDLIB_H 1
| #define HAVE_STRING_H 1
| #define HAVE_MEMORY_H 1
| #define HAVE_STRINGS_H 1
| #define HAVE_INTTYPES_H 1
| #define HAVE_STDINT_H 1
| #define HAVE_UNISTD_H 1
| /* end confdefs.h.  */
| #include <sys/types.h>
| 		#include <sys/param.h>
| 
| int
| main ()
| {
| #if BYTE_ORDER != BIG_ENDIAN
| 		 not big endian
| 		#endif
| 
|   ;
|   return 0;
| }
configure:4943: result: no
configure:4969: checking for special C compiler options needed for large files
configure:5014: result: no
configure:5020: checking for _FILE_OFFSET_BITS value needed for large files
configure:5045: gcc -c -g -O2  conftest.c >&5
configure:5045: $? = 0
configure:5077: result: no
configure:5162: checking for _LARGEFILE_SOURCE value needed for large files
configure:5181: gcc -o conftest -g -O2   conftest.c  >&5
configure:5181: $? = 0
configure:5209: result: no
configure:5230: checking for fseeko
configure:5230: gcc -o conftest -g -O2   conftest.c  >&5
configure:5230: $? = 0
configure:5230: result: yes
configure:5245: checking for iconv() in separate -liconv 
configure:5264: gcc -o conftest -g -O2   conftest.c  -liconv >&5
/usr/bin/ld: cannot find -liconv: No such file or directory
collect2: error: ld returned 1 exit status
configure:5264: $? = 1
configure: failed program was:
| /* confdefs.h */
| #define PACKAGE_NAME "xorriso"
| #define PACKAGE_TARNAME "xorriso"
| #define PACKAGE_VERSION "1.4.6"
| #define PACKAGE_STRING "xorriso 1.4.6"
| #define PACKAGE_BUGREPORT "http://libburnia-project.org"
| #define PACKAGE_URL ""
| #define PACKAGE "xorriso"
| #define VERSION "1.4.6"
| #define Xorriso_standalonE /**/
| #define STDC_HEADERS 1
| #define HAVE_SYS_TYPES_H 1
| #define HAVE_SYS_STAT_H 1
| #define HAVE_STDLIB_H 1
| #define HAVE_STRING_H 1
| #define HAVE_MEMORY_H 1
| #define HAVE_STRINGS_H 1
| #define HAVE_INTTYPES_H 1
| #define HAVE_STDINT_H 1
| #define HAVE_UNISTD_H 1
| #define HAVE_FSEEKO 1
| /* end confdefs.h.  */
| #include <stdlib.h>
| #include <iconv.h>
| int
| main ()
| {
| iconv_t cd = iconv_open("","");
|      iconv(cd,NULL,NULL,NULL,NULL);
|      iconv_close(cd);
|   ;
|   return 0;
| }
configure:5272: result: no
configure:5277: checking for libiconv in -liconv
configure:5302: gcc -o conftest -g -O2   conftest.c -liconv   >&5
/usr/bin/ld: cannot find -liconv: No such file or directory
collect2: error: ld returned 1 exit status
configure:5302: $? = 1
configure: failed program was:
| /* confdefs.h */
| #define PACKAGE_NAME "xorriso"
| #define PACKAGE_TARNAME "xorriso"
| #define PACKAGE_VERSION "1.4.6"
| #define PACKAGE_STRING "xorriso 1.4.6"
| #define PACKAGE_BUGREPORT "http://libburnia-project.org"
| #define PACKAGE_URL ""
| #define PACKAGE "xorriso"
| #define VERSION "1.4.6"
| #define Xorriso_standalonE /**/
| #define STDC_HEADERS 1
| #define HAVE_SYS_TYPES_H 1
| #define HAVE_SYS_STAT_H 1
| #define HAVE_STDLIB_H 1
| #define HAVE_STRING_H 1
| #define HAVE_MEMORY_H 1
| #define HAVE_STRINGS_H 1
| #define HAVE_INTTYPES_H 1
| #define HAVE_STDINT_H 1
| #define HAVE_UNISTD_H 1
| #define HAVE_FSEEKO 1
| /* end confdefs.h.  */
| 
| /* Override any GCC internal prototype to avoid an error.
|    Use char because int might match the return type of a GCC
|    builtin and then its argument prototype would still apply.  */
| #ifdef __cplusplus
| extern "C"
| #endif
| char libiconv ();
| int
| main ()
| {
| return libiconv ();
|   ;
|   return 0;
| }
configure:5311: result: no
configure:5324: checking for const qualifier with iconv() 
configure:5341: gcc -c -g -O2  conftest.c >&5
configure:5341: $? = 0
configure:5361: result: no
configure:5367: checking for iconv() to be accessible now 
configure:5394: gcc -o conftest -g -O2   conftest.c  >&5
configure:5394: $? = 0
configure:5402: result: yes
configure:5562: checking how to print strings
configure:5589: result: printf
configure:5610: checking for a sed that does not truncate output
configure:5674: result: /usr/bin/sed
configure:5692: checking for fgrep
configure:5754: result: /usr/bin/grep -F
configure:5789: checking for ld used by gcc
configure:5856: result: /usr/bin/ld
configure:5863: checking if the linker (/usr/bin/ld) is GNU ld
configure:5878: result: yes
configure:5890: checking for BSD- or MS-compatible name lister (nm)
configure:5939: result: /usr/bin/nm -B
configure:6069: checking the name lister (/usr/bin/nm -B) interface
configure:6076: gcc -c -g -O2  conftest.c >&5
configure:6079: /usr/bin/nm -B "conftest.o"
configure:6082: output
0000000000000000 B some_variable
configure:6089: result: BSD nm
configure:6092: checking whether ln -s works
configure:6096: result: yes
configure:6104: checking the maximum length of command line arguments
configure:6235: result: 1572864
configure:6252: checking whether the shell understands some XSI constructs
configure:6262: result: yes
configure:6266: checking whether the shell understands "+="
configure:6272: result: yes
configure:6307: checking how to convert x86_64-unknown-linux-gnu file names to x86_64-unknown-linux-gnu format
configure:6347: result: func_convert_file_noop
configure:6354: checking how to convert x86_64-unknown-linux-gnu file names to toolchain format
configure:6374: result: func_convert_file_noop
configure:6381: checking for /usr/bin/ld option to reload object files
configure:6388: result: -r
configure:6462: checking for objdump
configure:6478: found /usr/bin/objdump
configure:6489: result: objdump
configure:6521: checking how to recognize dependent libraries
configure:6719: result: pass_all
configure:6804: checking for dlltool
configure:6834: result: no
configure:6864: checking how to associate runtime and link libraries
configure:6891: result: printf %s\n
configure:6951: checking for ar
configure:6967: found /usr/bin/ar
configure:6978: result: ar
configure:7015: checking for archiver @FILE support
configure:7032: gcc -c -g -O2  conftest.c >&5
configure:7032: $? = 0
configure:7035: ar cru libconftest.a @conftest.lst >&5
ar: `u' modifier ignored since `D' is the default (see `U')
configure:7038: $? = 0
configure:7043: ar cru libconftest.a @conftest.lst >&5
ar: `u' modifier ignored since `D' is the default (see `U')
ar: conftest.o: No such file or directory
configure:7046: $? = 1
configure:7058: result: @
configure:7116: checking for strip
configure:7132: found /usr/bin/strip
configure:7143: result: strip
configure:7215: checking for ranlib
configure:7231: found /usr/bin/ranlib
configure:7242: result: ranlib
configure:7344: checking command to parse /usr/bin/nm -B output from gcc object
configure:7464: gcc -c -g -O2  conftest.c >&5
configure:7467: $? = 0
configure:7471: /usr/bin/nm -B conftest.o \| sed -n -e 's/^.*[ ]\([ABCDGIRSTW][ABCDGIRSTW]*\)[ ][ ]*\([_A-Za-z][_A-Za-z0-9]*\)$/\1 \2 \2/p' | sed '/ __gnu_lto/d' \> conftest.nm
configure:7474: $? = 0
configure:7540: gcc -o conftest -g -O2   conftest.c conftstm.o >&5
configure:7543: $? = 0
configure:7581: result: ok
configure:7618: checking for sysroot
configure:7648: result: no
configure:7725: gcc -c -g -O2  conftest.c >&5
configure:7728: $? = 0
configure:7917: checking for mt
configure:7933: found /usr/bin/mt
configure:7944: result: mt
configure:7967: checking if mt is a manifest tool
configure:7973: mt '-?'
configure:7981: result: no
configure:8620: checking for dlfcn.h
configure:8620: gcc -c -g -O2  conftest.c >&5
configure:8620: $? = 0
configure:8620: result: yes
configure:8826: checking for objdir
configure:8841: result: .libs
configure:9108: checking if gcc supports -fno-rtti -fno-exceptions
configure:9126: gcc -c -g -O2  -fno-rtti -fno-exceptions conftest.c >&5
cc1: warning: command-line option '-fno-rtti' is valid for C++/D/ObjC++ but not for C
configure:9130: $? = 0
configure:9143: result: no
configure:9470: checking for gcc option to produce PIC
configure:9477: result: -fPIC -DPIC
configure:9485: checking if gcc PIC flag -fPIC -DPIC works
configure:9503: gcc -c -g -O2  -fPIC -DPIC -DPIC conftest.c >&5
configure:9507: $? = 0
configure:9520: result: yes
configure:9549: checking if gcc static flag -static works
configure:9577: result: yes
configure:9592: checking if gcc supports -c -o file.o
configure:9613: gcc -c -g -O2  -o out/conftest2.o conftest.c >&5
configure:9617: $? = 0
configure:9639: result: yes
configure:9647: checking if gcc supports -c -o file.o
configure:9694: result: yes
configure:9727: checking whether the gcc linker (/usr/bin/ld -m elf_x86_64) supports shared libraries
configure:10884: result: yes
configure:10921: checking whether -lc should be explicitly linked in
configure:10929: gcc -c -g -O2  conftest.c >&5
configure:10932: $? = 0
configure:10947: gcc -shared  -fPIC -DPIC conftest.o  -v -Wl,-soname -Wl,conftest -o conftest 2\>\&1 \| /usr/bin/grep  -lc  \>/dev/null 2\>\&1
configure:10950: $? = 0
configure:10964: result: no
configure:11124: checking dynamic linker characteristics
configure:11624: gcc -o conftest -g -O2   -Wl,-rpath -Wl,/foo conftest.c  >&5
configure:11624: $? = 0
configure:11862: result: GNU/Linux ld.so
configure:11969: checking how to hardcode library paths into programs
configure:11994: result: immediate
configure:12534: checking whether stripping libraries is possible
configure:12539: result: yes
configure:12574: checking if libtool supports shared libraries
configure:12576: result: yes
configure:12579: checking whether to build shared libraries
configure:12600: result: yes
configure:12603: checking whether to build static libraries
configure:12607: result: yes
configure:12651: checking dummy usability
configure:12651: gcc -c -g -O2  conftest.c >&5
conftest.c:59:10: fatal error: dummy: No such file or directory
   59 | #include <dummy>
      |          ^~~~~~~
compilation terminated.
configure:12651: $? = 1
configure: failed program was:
| /* confdefs.h */
| #define PACKAGE_NAME "xorriso"
| #define PACKAGE_TARNAME "xorriso"
| #define PACKAGE_VERSION "1.4.6"
| #define PACKAGE_STRING "xorriso 1.4.6"
| #define PACKAGE_BUGREPORT "http://libburnia-project.org"
| #define PACKAGE_URL ""
| #define PACKAGE "xorriso"
| #define VERSION "1.4.6"
| #define Xorriso_standalonE /**/
| #define STDC_HEADERS 1
| #define HAVE_SYS_TYPES_H 1
| #define HAVE_SYS_STAT_H 1
| #define HAVE_STDLIB_H 1
| #define HAVE_STRING_H 1
| #define HAVE_MEMORY_H 1
| #define HAVE_STRINGS_H 1
| #define HAVE_INTTYPES_H 1
| #define HAVE_STDINT_H 1
| #define HAVE_UNISTD_H 1
| #define HAVE_FSEEKO 1
| #define ICONV_CONST /**/
| #define HAVE_DLFCN_H 1
| #define LT_OBJDIR ".libs/"
| /* end confdefs.h.  */
| #include <stdio.h>
| #ifdef HAVE_SYS_TYPES_H
| # include <sys/types.h>
| #endif
| #ifdef HAVE_SYS_STAT_H
| # include <sys/stat.h>
| #endif
| #ifdef STDC_HEADERS
| # include <stdlib.h>
| # include <stddef.h>
| #else
| # ifdef HAVE_STDLIB_H
| #  include <stdlib.h>
| # endif
| #endif
| #ifdef HAVE_STRING_H
| # if !defined STDC_HEADERS && defined HAVE_MEMORY_H
| #  include <memory.h>
| # endif
| # include <string.h>
| #endif
| #ifdef HAVE_STRINGS_H
| # include <strings.h>
| #endif
| #ifdef HAVE_INTTYPES_H
| # include <inttypes.h>
| #endif
| #ifdef HAVE_STDINT_H
| # include <stdint.h>
| #endif
| #ifdef HAVE_UNISTD_H
| # include <unistd.h>
| #endif
| #include <dummy>
configure:12651: result: no
configure:12651: checking dummy presence
configure:12651: gcc -E  conftest.c
conftest.c:26:10: fatal error: dummy: No such file or directory
   26 | #include <dummy>
      |          ^~~~~~~
compilation terminated.
configure:12651: $? = 1
configure: failed program was:
| /* confdefs.h */
| #define PACKAGE_NAME "xorriso"
| #define PACKAGE_TARNAME "xorriso"
| #define PACKAGE_VERSION "1.4.6"
| #define PACKAGE_STRING "xorriso 1.4.6"
| #define PACKAGE_BUGREPORT "http://libburnia-project.org"
| #define PACKAGE_URL ""
| #define PACKAGE "xorriso"
| #define VERSION "1.4.6"
| #define Xorriso_standalonE /**/
| #define STDC_HEADERS 1
| #define HAVE_SYS_TYPES_H 1
| #define HAVE_SYS_STAT_H 1
| #define HAVE_STDLIB_H 1
| #define HAVE_STRING_H 1
| #define HAVE_MEMORY_H 1
| #define HAVE_STRINGS_H 1
| #define HAVE_INTTYPES_H 1
| #define HAVE_STDINT_H 1
| #define HAVE_UNISTD_H 1
| #define HAVE_FSEEKO 1
| #define ICONV_CONST /**/
| #define HAVE_DLFCN_H 1
| #define LT_OBJDIR ".libs/"
| /* end confdefs.h.  */
| #include <dummy>
configure:12651: result: no
configure:12651: checking for dummy
configure:12651: result: no
configure:12651: checking mt usability
configure:12651: gcc -c -g -O2  conftest.c >&5
conftest.c:59:10: fatal error: mt: No such file or directory
   59 | #include <mt>
      |          ^~~~
compilation terminated.
configure:12651: $? = 1
configure: failed program was:
| /* confdefs.h */
| #define PACKAGE_NAME "xorriso"
| #define PACKAGE_TARNAME "xorriso"
| #define PACKAGE_VERSION "1.4.6"
| #define PACKAGE_STRING "xorriso 1.4.6"
| #define PACKAGE_BUGREPORT "http://libburnia-project.org"
| #define PACKAGE_URL ""
| #define PACKAGE "xorriso"
| #define VERSION "1.4.6"
| #define Xorriso_standalonE /**/
| #define STDC_HEADERS 1
| #define HAVE_SYS_TYPES_H 1
| #define HAVE_SYS_STAT_H 1
| #define HAVE_STDLIB_H 1
| #define HAVE_STRING_H 1
| #define HAVE_MEMORY_H 1
| #define HAVE_STRINGS_H 1
| #define HAVE_INTTYPES_H 1
| #define HAVE_STDINT_H 1
| #define HAVE_UNISTD_H 1
| #define HAVE_FSEEKO 1
| #define ICONV_CONST /**/
| #define HAVE_DLFCN_H 1
| #define LT_OBJDIR ".libs/"
| /* end confdefs.h.  */
| #include <stdio.h>
| #ifdef HAVE_SYS_TYPES_H
| # include <sys/types.h>
| #endif
| #ifdef HAVE_SYS_STAT_H
| # include <sys/stat.h>
| #endif
| #ifdef STDC_HEADERS
| # include <stdlib.h>
| # include <stddef.h>
| #else
| # ifdef HAVE_STDLIB_H
| #  include <stdlib.h>
| # endif
| #endif
| #ifdef HAVE_STRING_H
| # if !defined STDC_HEADERS && defined HAVE_MEMORY_H
| #  include <memory.h>
| # endif
| # include <string.h>
| #endif
| #ifdef HAVE_STRINGS_H
| # include <strings.h>
| #endif
| #ifdef HAVE_INTTYPES_H
| # include <inttypes.h>
| #endif
| #ifdef HAVE_STDINT_H
| # include <stdint.h>
| #endif
| #ifdef HAVE_UNISTD_H
| # include <unistd.h>
| #endif
| #include <mt>
configure:12651: result: no
configure:12651: checking mt presence
configure:12651: gcc -E  conftest.c
conftest.c:26:10: fatal error: mt: No such file or directory
   26 | #include <mt>
      |          ^~~~
compilation terminated.
configure:12651: $? = 1
configure: failed program was:
| /* confdefs.h */
| #define PACKAGE_NAME "xorriso"
| #define PACKAGE_TARNAME "xorriso"
| #define PACKAGE_VERSION "1.4.6"
| #define PACKAGE_STRING "xorriso 1.4.6"
| #define PACKAGE_BUGREPORT "http://libburnia-project.org"
| #define PACKAGE_URL ""
| #define PACKAGE "xorriso"
| #define VERSION "1.4.6"
| #define Xorriso_standalonE /**/
| #define STDC_HEADERS 1
| #define HAVE_SYS_TYPES_H 1
| #define HAVE_SYS_STAT_H 1
| #define HAVE_STDLIB_H 1
| #define HAVE_STRING_H 1
| #define HAVE_MEMORY_H 1
| #define HAVE_STRINGS_H 1
| #define HAVE_INTTYPES_H 1
| #define HAVE_STDINT_H 1
| #define HAVE_UNISTD_H 1
| #define HAVE_FSEEKO 1
| #define ICONV_CONST /**/
| #define HAVE_DLFCN_H 1
| #define LT_OBJDIR ".libs/"
| /* end confdefs.h.  */
| #include <mt>
configure:12651: result: no
configure:12651: checking for mt
configure:12651: result: no
configure:12662: checking for struct tm.tm_gmtoff
configure:12662: gcc -c -g -O2  conftest.c >&5
configure:12662: $? = 0
configure:12662: result: yes
configure:12671: checking whether timegm is declared
configure:12671: gcc -c -g -O2  conftest.c >&5
configure:12671: $? = 0
configure:12671: result: yes
configure:12694: gcc -o conftest -g -O2   conftest.c  >&5
configure:12694: $? = 0
configure:12713: checking whether eaccess is declared
configure:12713: gcc -c -g -O2  conftest.c >&5
conftest.c: In function 'main':
conftest.c:38:10: error: 'eaccess' undeclared (first use in this function); did you mean 'access'?
   38 |   (void) eaccess;
      |          ^~~~~~~
      |          access
conftest.c:38:10: note: each undeclared identifier is reported only once for each function it appears in
configure:12713: $? = 1
configure: failed program was:
| /* confdefs.h */
| #define PACKAGE_NAME "xorriso"
| #define PACKAGE_TARNAME "xorriso"
| #define PACKAGE_VERSION "1.4.6"
| #define PACKAGE_STRING "xorriso 1.4.6"
| #define PACKAGE_BUGREPORT "http://libburnia-project.org"
| #define PACKAGE_URL ""
| #define PACKAGE "xorriso"
| #define VERSION "1.4.6"
| #define Xorriso_standalonE /**/
| #define STDC_HEADERS 1
| #define HAVE_SYS_TYPES_H 1
| #define HAVE_SYS_STAT_H 1
| #define HAVE_STDLIB_H 1
| #define HAVE_STRING_H 1
| #define HAVE_MEMORY_H 1
| #define HAVE_STRINGS_H 1
| #define HAVE_INTTYPES_H 1
| #define HAVE_STDINT_H 1
| #define HAVE_UNISTD_H 1
| #define HAVE_FSEEKO 1
| #define ICONV_CONST /**/
| #define HAVE_DLFCN_H 1
| #define LT_OBJDIR ".libs/"
| #define HAVE_TM_GMTOFF 1
| #define HAVE_TIMEGM 1
| #define Libburnia_timezonE timezone
| /* end confdefs.h.  */
| #include <unistd.h>
| 
| int
| main ()
| {
| #ifndef eaccess
| #ifdef __cplusplus
|   (void) eaccess;
| #else
|   (void) eaccess;
| #endif
| #endif
| 
|   ;
|   return 0;
| }
configure:12713: result: no
configure:12729: checking target operating system
configure:12767: result: linux
configure:12776: checking sys/statvfs.h usability
configure:12776: gcc -c -g -O2  conftest.c >&5
configure:12776: $? = 0
configure:12776: result: yes
configure:12776: checking sys/statvfs.h presence
configure:12776: gcc -E  conftest.c
configure:12776: $? = 0
configure:12776: result: yes
configure:12776: checking for sys/statvfs.h
configure:12776: result: yes
configure:12784: checking for statvfs
configure:12784: gcc -o conftest -g -O2   conftest.c  >&5
configure:12784: $? = 0
configure:12784: result: yes
configure:12853: checking for overridden pkgconfig directory path
configure:12869: result: no
configure:12896: checking for desired functions in libreadline
configure:12925: gcc -o conftest -DDEBUG -g -pedantic -Wall -Wextra -Wno-unused-parameter -Wno-char-subscripts -Wno-strict-aliasing -g -O2   conftest.c  -lreadline >&5
conftest.c:37:10: fatal error: readline/readline.h: No such file or directory
   37 | #include <readline/readline.h>
      |          ^~~~~~~~~~~~~~~~~~~~~
compilation terminated.
configure:12925: $? = 1
configure: failed program was:
| /* confdefs.h */
| #define PACKAGE_NAME "xorriso"
| #define PACKAGE_TARNAME "xorriso"
| #define PACKAGE_VERSION "1.4.6"
| #define PACKAGE_STRING "xorriso 1.4.6"
| #define PACKAGE_BUGREPORT "http://libburnia-project.org"
| #define PACKAGE_URL ""
| #define PACKAGE "xorriso"
| #define VERSION "1.4.6"
| #define Xorriso_standalonE /**/
| #define STDC_HEADERS 1
| #define HAVE_SYS_TYPES_H 1
| #define HAVE_SYS_STAT_H 1
| #define HAVE_STDLIB_H 1
| #define HAVE_STRING_H 1
| #define HAVE_MEMORY_H 1
| #define HAVE_STRINGS_H 1
| #define HAVE_INTTYPES_H 1
| #define HAVE_STDINT_H 1
| #define HAVE_UNISTD_H 1
| #define HAVE_FSEEKO 1
| #define ICONV_CONST /**/
| #define HAVE_DLFCN_H 1
| #define LT_OBJDIR ".libs/"
| #define HAVE_TM_GMTOFF 1
| #define HAVE_TIMEGM 1
| #define Libburnia_timezonE timezone
| #define Libburn_os_has_statvfS /**/
| /* end confdefs.h.  */
| 
| #include <ctype.h>
| #include <sys/types.h>
| #include <unistd.h>
| #include <stdlib.h>
| #include <stdio.h>
| #include <string.h>
| #include <readline/readline.h>
| #include <readline/history.h>
| int
| main ()
| {
| HIST_ENTRY **hl;
| readline("");
| add_history("");
| hl= history_list();
| 
|   ;
|   return 0;
| }
configure:12962: gcc -o conftest -DDEBUG -g -pedantic -Wall -Wextra -Wno-unused-parameter -Wno-char-subscripts -Wno-strict-aliasing -g -O2   conftest.c  -lreadline -lcurses >&5
conftest.c:37:10: fatal error: readline/readline.h: No such file or directory
   37 | #include <readline/readline.h>
      |          ^~~~~~~~~~~~~~~~~~~~~
compilation terminated.
configure:12962: $? = 1
configure: failed program was:
| /* confdefs.h */
| #define PACKAGE_NAME "xorriso"
| #define PACKAGE_TARNAME "xorriso"
| #define PACKAGE_VERSION "1.4.6"
| #define PACKAGE_STRING "xorriso 1.4.6"
| #define PACKAGE_BUGREPORT "http://libburnia-project.org"
| #define PACKAGE_URL ""
| #define PACKAGE "xorriso"
| #define VERSION "1.4.6"
| #define Xorriso_standalonE /**/
| #define STDC_HEADERS 1
| #define HAVE_SYS_TYPES_H 1
| #define HAVE_SYS_STAT_H 1
| #define HAVE_STDLIB_H 1
| #define HAVE_STRING_H 1
| #define HAVE_MEMORY_H 1
| #define HAVE_STRINGS_H 1
| #define HAVE_INTTYPES_H 1
| #define HAVE_STDINT_H 1
| #define HAVE_UNISTD_H 1
| #define HAVE_FSEEKO 1
| #define ICONV_CONST /**/
| #define HAVE_DLFCN_H 1
| #define LT_OBJDIR ".libs/"
| #define HAVE_TM_GMTOFF 1
| #define HAVE_TIMEGM 1
| #define Libburnia_timezonE timezone
| #define Libburn_os_has_statvfS /**/
| /* end confdefs.h.  */
| 
| #include <ctype.h>
| #include <sys/types.h>
| #include <unistd.h>
| #include <stdlib.h>
| #include <stdio.h>
| #include <string.h>
| #include <readline/readline.h>
| #include <readline/history.h>
| int
| main ()
| {
| HIST_ENTRY **hl;
| readline("");
| add_history("");
| hl= history_list();
| 
|   ;
|   return 0;
| }
configure:12981: result: no 
configure:13116: checking for desired functions in libedit
configure:13145: gcc -o conftest -DDEBUG -g -pedantic -Wall -Wextra -Wno-unused-parameter -Wno-char-subscripts -Wno-strict-aliasing -g -O2   conftest.c  -ledit >&5
conftest.c:37:10: fatal error: histedit.h: No such file or directory
   37 | #include <histedit.h>
      |          ^~~~~~~~~~~~
compilation terminated.
configure:13145: $? = 1
configure: failed program was:
| /* confdefs.h */
| #define PACKAGE_NAME "xorriso"
| #define PACKAGE_TARNAME "xorriso"
| #define PACKAGE_VERSION "1.4.6"
| #define PACKAGE_STRING "xorriso 1.4.6"
| #define PACKAGE_BUGREPORT "http://libburnia-project.org"
| #define PACKAGE_URL ""
| #define PACKAGE "xorriso"
| #define VERSION "1.4.6"
| #define Xorriso_standalonE /**/
| #define STDC_HEADERS 1
| #define HAVE_SYS_TYPES_H 1
| #define HAVE_SYS_STAT_H 1
| #define HAVE_STDLIB_H 1
| #define HAVE_STRING_H 1
| #define HAVE_MEMORY_H 1
| #define HAVE_STRINGS_H 1
| #define HAVE_INTTYPES_H 1
| #define HAVE_STDINT_H 1
| #define HAVE_UNISTD_H 1
| #define HAVE_FSEEKO 1
| #define ICONV_CONST /**/
| #define HAVE_DLFCN_H 1
| #define LT_OBJDIR ".libs/"
| #define HAVE_TM_GMTOFF 1
| #define HAVE_TIMEGM 1
| #define Libburnia_timezonE timezone
| #define Libburn_os_has_statvfS /**/
| /* end confdefs.h.  */
| 
| #include <ctype.h>
| #include <sys/types.h>
| #include <unistd.h>
| #include <stdlib.h>
| #include <stdio.h>
| #include <string.h>
| #include <histedit.h>
| int
| main ()
| {
| EditLine *editline_handle; History *editline_history; HistEvent ev; int count;
| editline_handle= el_init("dummy", stdin, stdout, stderr);
| el_set(editline_handle, EL_EDITOR, "emacs");
| editline_history= history_init();
| history(editline_history, &ev, H_SETSIZE, 1000);
| el_gets(editline_handle, &count);
| 
|   ;
|   return 0;
| }
configure:13183: gcc -o conftest -DDEBUG -g -pedantic -Wall -Wextra -Wno-unused-parameter -Wno-char-subscripts -Wno-strict-aliasing -g -O2   conftest.c  -ledit >&5
conftest.c:37:10: fatal error: histedit.h: No such file or directory
   37 | #include <histedit.h>
      |          ^~~~~~~~~~~~
compilation terminated.
configure:13183: $? = 1
configure: failed program was:
| /* confdefs.h */
| #define PACKAGE_NAME "xorriso"
| #define PACKAGE_TARNAME "xorriso"
| #define PACKAGE_VERSION "1.4.6"
| #define PACKAGE_STRING "xorriso 1.4.6"
| #define PACKAGE_BUGREPORT "http://libburnia-project.org"
| #define PACKAGE_URL ""
| #define PACKAGE "xorriso"
| #define VERSION "1.4.6"
| #define Xorriso_standalonE /**/
| #define STDC_HEADERS 1
| #define HAVE_SYS_TYPES_H 1
| #define HAVE_SYS_STAT_H 1
| #define HAVE_STDLIB_H 1
| #define HAVE_STRING_H 1
| #define HAVE_MEMORY_H 1
| #define HAVE_STRINGS_H 1
| #define HAVE_INTTYPES_H 1
| #define HAVE_STDINT_H 1
| #define HAVE_UNISTD_H 1
| #define HAVE_FSEEKO 1
| #define ICONV_CONST /**/
| #define HAVE_DLFCN_H 1
| #define LT_OBJDIR ".libs/"
| #define HAVE_TM_GMTOFF 1
| #define HAVE_TIMEGM 1
| #define Libburnia_timezonE timezone
| #define Libburn_os_has_statvfS /**/
| /* end confdefs.h.  */
| 
| #include <ctype.h>
| #include <sys/types.h>
| #include <unistd.h>
| #include <stdlib.h>
| #include <stdio.h>
| #include <string.h>
| #include <histedit.h>
| int
| main ()
| {
| EditLine *editline_handle; History *editline_history; HistEvent ev; int count;
| editline_handle= el_init("dummy", stdin, stdout, stderr);
| el_set(editline_handle, EL_EDITOR, "emacs");
| editline_history= history_init();
| history(editline_history, &ev, H_SETSIZE, 1000);
| el_gets(editline_handle, &count);
| 
|   ;
|   return 0;
| }
configure:13198: result: no 
configure:13233: checking sys/acl.h usability
configure:13233: gcc -c -DDEBUG -g -pedantic -Wall -Wextra -Wno-unused-parameter -Wno-char-subscripts -Wno-strict-aliasing -g -O2  conftest.c >&5
conftest.c:63:10: fatal error: sys/acl.h: No such file or directory
   63 | #include <sys/acl.h>
      |          ^~~~~~~~~~~
compilation terminated.
configure:13233: $? = 1
configure: failed program was:
| /* confdefs.h */
| #define PACKAGE_NAME "xorriso"
| #define PACKAGE_TARNAME "xorriso"
| #define PACKAGE_VERSION "1.4.6"
| #define PACKAGE_STRING "xorriso 1.4.6"
| #define PACKAGE_BUGREPORT "http://libburnia-project.org"
| #define PACKAGE_URL ""
| #define PACKAGE "xorriso"
| #define VERSION "1.4.6"
| #define Xorriso_standalonE /**/
| #define STDC_HEADERS 1
| #define HAVE_SYS_TYPES_H 1
| #define HAVE_SYS_STAT_H 1
| #define HAVE_STDLIB_H 1
| #define HAVE_STRING_H 1
| #define HAVE_MEMORY_H 1
| #define HAVE_STRINGS_H 1
| #define HAVE_INTTYPES_H 1
| #define HAVE_STDINT_H 1
| #define HAVE_UNISTD_H 1
| #define HAVE_FSEEKO 1
| #define ICONV_CONST /**/
| #define HAVE_DLFCN_H 1
| #define LT_OBJDIR ".libs/"
| #define HAVE_TM_GMTOFF 1
| #define HAVE_TIMEGM 1
| #define Libburnia_timezonE timezone
| #define Libburn_os_has_statvfS /**/
| /* end confdefs.h.  */
| #include <stdio.h>
| #ifdef HAVE_SYS_TYPES_H
| # include <sys/types.h>
| #endif
| #ifdef HAVE_SYS_STAT_H
| # include <sys/stat.h>
| #endif
| #ifdef STDC_HEADERS
| # include <stdlib.h>
| # include <stddef.h>
| #else
| # ifdef HAVE_STDLIB_H
| #  include <stdlib.h>
| # endif
| #endif
| #ifdef HAVE_STRING_H
| # if !defined STDC_HEADERS && defined HAVE_MEMORY_H
| #  include <memory.h>
| # endif
| # include <string.h>
| #endif
| #ifdef HAVE_STRINGS_H
| # include <strings.h>
| #endif
| #ifdef HAVE_INTTYPES_H
| # include <inttypes.h>
| #endif
| #ifdef HAVE_STDINT_H
| # include <stdint.h>
| #endif
| #ifdef HAVE_UNISTD_H
| # include <unistd.h>
| #endif
| #include <sys/acl.h>
configure:13233: result: no
configure:13233: checking sys/acl.h presence
configure:13233: gcc -E  conftest.c
conftest.c:30:10: fatal error: sys/acl.h: No such file or directory
   30 | #include <sys/acl.h>
      |          ^~~~~~~~~~~
compilation terminated.
configure:13233: $? = 1
configure: failed program was:
| /* confdefs.h */
| #define PACKAGE_NAME "xorriso"
| #define PACKAGE_TARNAME "xorriso"
| #define PACKAGE_VERSION "1.4.6"
| #define PACKAGE_STRING "xorriso 1.4.6"
| #define PACKAGE_BUGREPORT "http://libburnia-project.org"
| #define PACKAGE_URL ""
| #define PACKAGE "xorriso"
| #define VERSION "1.4.6"
| #define Xorriso_standalonE /**/
| #define STDC_HEADERS 1
| #define HAVE_SYS_TYPES_H 1
| #define HAVE_SYS_STAT_H 1
| #define HAVE_STDLIB_H 1
| #define HAVE_STRING_H 1
| #define HAVE_MEMORY_H 1
| #define HAVE_STRINGS_H 1
| #define HAVE_INTTYPES_H 1
| #define HAVE_STDINT_H 1
| #define HAVE_UNISTD_H 1
| #define HAVE_FSEEKO 1
| #define ICONV_CONST /**/
| #define HAVE_DLFCN_H 1
| #define LT_OBJDIR ".libs/"
| #define HAVE_TM_GMTOFF 1
| #define HAVE_TIMEGM 1
| #define Libburnia_timezonE timezone
| #define Libburn_os_has_statvfS /**/
| /* end confdefs.h.  */
| #include <sys/acl.h>
configure:13233: result: no
configure:13233: checking for sys/acl.h
configure:13233: result: no
configure:13364: checking attr/xattr.h usability
configure:13364: gcc -c -DDEBUG -g -pedantic -Wall -Wextra -Wno-unused-parameter -Wno-char-subscripts -Wno-strict-aliasing -g -O2  conftest.c >&5
conftest.c:63:10: fatal error: attr/xattr.h: No such file or directory
   63 | #include <attr/xattr.h>
      |          ^~~~~~~~~~~~~~
compilation terminated.
configure:13364: $? = 1
configure: failed program was:
| /* confdefs.h */
| #define PACKAGE_NAME "xorriso"
| #define PACKAGE_TARNAME "xorriso"
| #define PACKAGE_VERSION "1.4.6"
| #define PACKAGE_STRING "xorriso 1.4.6"
| #define PACKAGE_BUGREPORT "http://libburnia-project.org"
| #define PACKAGE_URL ""
| #define PACKAGE "xorriso"
| #define VERSION "1.4.6"
| #define Xorriso_standalonE /**/
| #define STDC_HEADERS 1
| #define HAVE_SYS_TYPES_H 1
| #define HAVE_SYS_STAT_H 1
| #define HAVE_STDLIB_H 1
| #define HAVE_STRING_H 1
| #define HAVE_MEMORY_H 1
| #define HAVE_STRINGS_H 1
| #define HAVE_INTTYPES_H 1
| #define HAVE_STDINT_H 1
| #define HAVE_UNISTD_H 1
| #define HAVE_FSEEKO 1
| #define ICONV_CONST /**/
| #define HAVE_DLFCN_H 1
| #define LT_OBJDIR ".libs/"
| #define HAVE_TM_GMTOFF 1
| #define HAVE_TIMEGM 1
| #define Libburnia_timezonE timezone
| #define Libburn_os_has_statvfS /**/
| /* end confdefs.h.  */
| #include <stdio.h>
| #ifdef HAVE_SYS_TYPES_H
| # include <sys/types.h>
| #endif
| #ifdef HAVE_SYS_STAT_H
| # include <sys/stat.h>
| #endif
| #ifdef STDC_HEADERS
| # include <stdlib.h>
| # include <stddef.h>
| #else
| # ifdef HAVE_STDLIB_H
| #  include <stdlib.h>
| # endif
| #endif
| #ifdef HAVE_STRING_H
| # if !defined STDC_HEADERS && defined HAVE_MEMORY_H
| #  include <memory.h>
| # endif
| # include <string.h>
| #endif
| #ifdef HAVE_STRINGS_H
| # include <strings.h>
| #endif
| #ifdef HAVE_INTTYPES_H
| # include <inttypes.h>
| #endif
| #ifdef HAVE_STDINT_H
| # include <stdint.h>
| #endif
| #ifdef HAVE_UNISTD_H
| # include <unistd.h>
| #endif
| #include <attr/xattr.h>
configure:13364: result: no
configure:13364: checking attr/xattr.h presence
configure:13364: gcc -E  conftest.c
conftest.c:30:10: fatal error: attr/xattr.h: No such file or directory
   30 | #include <attr/xattr.h>
      |          ^~~~~~~~~~~~~~
compilation terminated.
configure:13364: $? = 1
configure: failed program was:
| /* confdefs.h */
| #define PACKAGE_NAME "xorriso"
| #define PACKAGE_TARNAME "xorriso"
| #define PACKAGE_VERSION "1.4.6"
| #define PACKAGE_STRING "xorriso 1.4.6"
| #define PACKAGE_BUGREPORT "http://libburnia-project.org"
| #define PACKAGE_URL ""
| #define PACKAGE "xorriso"
| #define VERSION "1.4.6"
| #define Xorriso_standalonE /**/
| #define STDC_HEADERS 1
| #define HAVE_SYS_TYPES_H 1
| #define HAVE_SYS_STAT_H 1
| #define HAVE_STDLIB_H 1
| #define HAVE_STRING_H 1
| #define HAVE_MEMORY_H 1
| #define HAVE_STRINGS_H 1
| #define HAVE_INTTYPES_H 1
| #define HAVE_STDINT_H 1
| #define HAVE_UNISTD_H 1
| #define HAVE_FSEEKO 1
| #define ICONV_CONST /**/
| #define HAVE_DLFCN_H 1
| #define LT_OBJDIR ".libs/"
| #define HAVE_TM_GMTOFF 1
| #define HAVE_TIMEGM 1
| #define Libburnia_timezonE timezone
| #define Libburn_os_has_statvfS /**/
| /* end confdefs.h.  */
| #include <attr/xattr.h>
configure:13364: result: no
configure:13364: checking for attr/xattr.h
configure:13364: result: no
configure:13496: checking zlib.h usability
configure:13496: gcc -c -DDEBUG -g -pedantic -Wall -Wextra -Wno-unused-parameter -Wno-char-subscripts -Wno-strict-aliasing -g -O2  conftest.c >&5
configure:13496: $? = 0
configure:13496: result: yes
configure:13496: checking zlib.h presence
configure:13496: gcc -E  conftest.c
configure:13496: $? = 0
configure:13496: result: yes
configure:13496: checking for zlib.h
configure:13496: result: yes
configure:13498: checking for compressBound in -lz
configure:13523: gcc -o conftest -DDEBUG -g -pedantic -Wall -Wextra -Wno-unused-parameter -Wno-char-subscripts -Wno-strict-aliasing -g -O2   conftest.c -lz   >&5
configure:13523: $? = 0
configure:13532: result: yes
configure:13610: checking bzlib.h usability
configure:13610: gcc -c -DDEBUG -g -pedantic -Wall -Wextra -Wno-unused-parameter -Wno-char-subscripts -Wno-strict-aliasing -g -O2  conftest.c >&5
conftest.c:69:10: fatal error: bzlib.h: No such file or directory
   69 | #include <bzlib.h>
      |          ^~~~~~~~~
compilation terminated.
configure:13610: $? = 1
configure: failed program was:
| /* confdefs.h */
| #define PACKAGE_NAME "xorriso"
| #define PACKAGE_TARNAME "xorriso"
| #define PACKAGE_VERSION "1.4.6"
| #define PACKAGE_STRING "xorriso 1.4.6"
| #define PACKAGE_BUGREPORT "http://libburnia-project.org"
| #define PACKAGE_URL ""
| #define PACKAGE "xorriso"
| #define VERSION "1.4.6"
| #define Xorriso_standalonE /**/
| #define STDC_HEADERS 1
| #define HAVE_SYS_TYPES_H 1
| #define HAVE_SYS_STAT_H 1
| #define HAVE_STDLIB_H 1
| #define HAVE_STRING_H 1
| #define HAVE_MEMORY_H 1
| #define HAVE_STRINGS_H 1
| #define HAVE_INTTYPES_H 1
| #define HAVE_STDINT_H 1
| #define HAVE_UNISTD_H 1
| #define HAVE_FSEEKO 1
| #define ICONV_CONST /**/
| #define HAVE_DLFCN_H 1
| #define LT_OBJDIR ".libs/"
| #define HAVE_TM_GMTOFF 1
| #define HAVE_TIMEGM 1
| #define Libburnia_timezonE timezone
| #define Libburn_os_has_statvfS /**/
| #define HAVE_LIBZ 1
| #define Libisofs_with_zliB /**/
| #define LIBJTE_WITH_ZLIB /**/
| #define Xorriso_with_libjtE /**/
| #define Libisofs_with_libjtE /**/
| #define THREADED_CHECKSUMS /**/
| /* end confdefs.h.  */
| #include <stdio.h>
| #ifdef HAVE_SYS_TYPES_H
| # include <sys/types.h>
| #endif
| #ifdef HAVE_SYS_STAT_H
| # include <sys/stat.h>
| #endif
| #ifdef STDC_HEADERS
| # include <stdlib.h>
| # include <stddef.h>
| #else
| # ifdef HAVE_STDLIB_H
| #  include <stdlib.h>
| # endif
| #endif
| #ifdef HAVE_STRING_H
| # if !defined STDC_HEADERS && defined HAVE_MEMORY_H
| #  include <memory.h>
| # endif
| # include <string.h>
| #endif
| #ifdef HAVE_STRINGS_H
| # include <strings.h>
| #endif
| #ifdef HAVE_INTTYPES_H
| # include <inttypes.h>
| #endif
| #ifdef HAVE_STDINT_H
| # include <stdint.h>
| #endif
| #ifdef HAVE_UNISTD_H
| # include <unistd.h>
| #endif
| #include <bzlib.h>
configure:13610: result: no
configure:13610: checking bzlib.h presence
configure:13610: gcc -E  conftest.c
conftest.c:36:10: fatal error: bzlib.h: No such file or directory
   36 | #include <bzlib.h>
      |          ^~~~~~~~~
compilation terminated.
configure:13610: $? = 1
configure: failed program was:
| /* confdefs.h */
| #define PACKAGE_NAME "xorriso"
| #define PACKAGE_TARNAME "xorriso"
| #define PACKAGE_VERSION "1.4.6"
| #define PACKAGE_STRING "xorriso 1.4.6"
| #define PACKAGE_BUGREPORT "http://libburnia-project.org"
| #define PACKAGE_URL ""
| #define PACKAGE "xorriso"
| #define VERSION "1.4.6"
| #define Xorriso_standalonE /**/
| #define STDC_HEADERS 1
| #define HAVE_SYS_TYPES_H 1
| #define HAVE_SYS_STAT_H 1
| #define HAVE_STDLIB_H 1
| #define HAVE_STRING_H 1
| #define HAVE_MEMORY_H 1
| #define HAVE_STRINGS_H 1
| #define HAVE_INTTYPES_H 1
| #define HAVE_STDINT_H 1
| #define HAVE_UNISTD_H 1
| #define HAVE_FSEEKO 1
| #define ICONV_CONST /**/
| #define HAVE_DLFCN_H 1
| #define LT_OBJDIR ".libs/"
| #define HAVE_TM_GMTOFF 1
| #define HAVE_TIMEGM 1
| #define Libburnia_timezonE timezone
| #define Libburn_os_has_statvfS /**/
| #define HAVE_LIBZ 1
| #define Libisofs_with_zliB /**/
| #define LIBJTE_WITH_ZLIB /**/
| #define Xorriso_with_libjtE /**/
| #define Libisofs_with_libjtE /**/
| #define THREADED_CHECKSUMS /**/
| /* end confdefs.h.  */
| #include <bzlib.h>
configure:13610: result: no
configure:13610: checking for bzlib.h
configure:13610: result: no
configure:14285: checking that generated files are newer than configure
configure:14291: result: done
configure:14319: creating ./config.status

## ---------------------- ##
## Running config.status. ##
## ---------------------- ##

This file was extended by xorriso config.status 1.4.6, which was
generated by GNU Autoconf 2.69.  Invocation command line was

  CONFIG_FILES    = 
  CONFIG_HEADERS  = 
  CONFIG_LINKS    = 
  CONFIG_COMMANDS = 
  $ ./config.status 

on Vintz

config.status:1119: creating Makefile
config.status:1119: creating version.h
config.status:1119: creating config.h
config.status:1348: executing depfiles commands
config.status:1348: executing libtool commands

## ---------------- ##
## Cache variables. ##
## ---------------- ##

ac_cv_build=x86_64-unknown-linux-gnu
ac_cv_c_bigendian=no
ac_cv_c_compiler_gnu=yes
ac_cv_c_const=yes
ac_cv_c_inline=inline
ac_cv_env_CC_set=
ac_cv_env_CC_value=
ac_cv_env_CFLAGS_set=
ac_cv_env_CFLAGS_value=
ac_cv_env_CPPFLAGS_set=
ac_cv_env_CPPFLAGS_value=
ac_cv_env_CPP_set=
ac_cv_env_CPP_value=
ac_cv_env_LDFLAGS_set=
ac_cv_env_LDFLAGS_value=
ac_cv_env_LIBCDIO_CFLAGS_set=
ac_cv_env_LIBCDIO_CFLAGS_value=
ac_cv_env_LIBCDIO_LIBS_set=
ac_cv_env_LIBCDIO_LIBS_value=
ac_cv_env_LIBS_set=
ac_cv_env_LIBS_value=
ac_cv_env_PKG_CONFIG_LIBDIR_set=
ac_cv_env_PKG_CONFIG_LIBDIR_value=
ac_cv_env_PKG_CONFIG_PATH_set=
ac_cv_env_PKG_CONFIG_PATH_value=
ac_cv_env_PKG_CONFIG_set=
ac_cv_env_PKG_CONFIG_value=
ac_cv_env_build_alias_set=
ac_cv_env_build_alias_value=
ac_cv_env_host_alias_set=
ac_cv_env_host_alias_value=
ac_cv_env_target_alias_set=
ac_cv_env_target_alias_value=
ac_cv_func_fseeko=yes
ac_cv_func_statvfs=yes
ac_cv_have_decl_eaccess=no
ac_cv_have_decl_timegm=yes
ac_cv_header_attr_xattr_h=no
ac_cv_header_bzlib_h=no
ac_cv_header_dlfcn_h=yes
ac_cv_header_dummy=no
ac_cv_header_inttypes_h=yes
ac_cv_header_memory_h=yes
ac_cv_header_mt=no
ac_cv_header_stdc=yes
ac_cv_header_stdint_h=yes
ac_cv_header_stdlib_h=yes
ac_cv_header_string_h=yes
ac_cv_header_strings_h=yes
ac_cv_header_sys_acl_h=no
ac_cv_header_sys_stat_h=yes
ac_cv_header_sys_statvfs_h=yes
ac_cv_header_sys_types_h=yes
ac_cv_header_unistd_h=yes
ac_cv_header_zlib_h=yes
ac_cv_host=x86_64-unknown-linux-gnu
ac_cv_lib_iconv_libiconv=no
ac_cv_lib_z_compressBound=yes
ac_cv_member_struct_tm_tm_gmtoff=yes
ac_cv_objext=o
ac_cv_path_EGREP='/usr/bin/grep -E'
ac_cv_path_FGREP='/usr/bin/grep -F'
ac_cv_path_GREP=/usr/bin/grep
ac_cv_path_SED=/usr/bin/sed
ac_cv_path_install='/usr/bin/install -c'
ac_cv_path_mkdir=/usr/bin/mkdir
ac_cv_prog_AWK=gawk
ac_cv_prog_CPP='gcc -E'
ac_cv_prog_ac_ct_AR=ar
ac_cv_prog_ac_ct_CC=gcc
ac_cv_prog_ac_ct_MANIFEST_TOOL=mt
ac_cv_prog_ac_ct_OBJDUMP=objdump
ac_cv_prog_ac_ct_RANLIB=ranlib
ac_cv_prog_ac_ct_STRIP=strip
ac_cv_prog_cc_c89=
ac_cv_prog_cc_g=yes
ac_cv_prog_make_make_set=yes
ac_cv_sys_file_offset_bits=no
ac_cv_sys_largefile_CC=no
ac_cv_sys_largefile_source=no
ac_cv_target=x86_64-unknown-linux-gnu
am_cv_CC_dependencies_compiler_type=gcc3
am_cv_make_support_nested_variables=yes
am_cv_prog_cc_c_o=yes
lt_cv_ar_at_file=@
lt_cv_archive_cmds_need_lc=no
lt_cv_deplibs_check_method=pass_all
lt_cv_file_magic_cmd='$MAGIC_CMD'
lt_cv_file_magic_test_file=
lt_cv_ld_reload_flag=-r
lt_cv_nm_interface='BSD nm'
lt_cv_objdir=.libs
lt_cv_path_LD=/usr/bin/ld
lt_cv_path_NM='/usr/bin/nm -B'
lt_cv_path_mainfest_tool=no
lt_cv_prog_compiler_c_o=yes
lt_cv_prog_compiler_pic='-fPIC -DPIC'
lt_cv_prog_compiler_pic_works=yes
lt_cv_prog_compiler_rtti_exceptions=no
lt_cv_prog_compiler_static_works=yes
lt_cv_prog_gnu_ld=yes
lt_cv_sharedlib_from_linklib_cmd='printf %s\n'
lt_cv_shlibpath_overrides_runpath=yes
lt_cv_sys_global_symbol_pipe='sed -n -e '\''s/^.*[	 ]\([ABCDGIRSTW][ABCDGIRSTW]*\)[	 ][	 ]*\([_A-Za-z][_A-Za-z0-9]*\)$/\1 \2 \2/p'\'' | sed '\''/ __gnu_lto/d'\'''
lt_cv_sys_global_symbol_to_c_name_address='sed -n -e '\''s/^: \([^ ]*\)[ ]*$/  {\"\1\", (void *) 0},/p'\'' -e '\''s/^[ABCDGIRSTW]* \([^ ]*\) \([^ ]*\)$/  {"\2", (void *) \&\2},/p'\'''
lt_cv_sys_global_symbol_to_c_name_address_lib_prefix='sed -n -e '\''s/^: \([^ ]*\)[ ]*$/  {\"\1\", (void *) 0},/p'\'' -e '\''s/^[ABCDGIRSTW]* \([^ ]*\) \(lib[^ ]*\)$/  {"\2", (void *) \&\2},/p'\'' -e '\''s/^[ABCDGIRSTW]* \([^ ]*\) \([^ ]*\)$/  {"lib\2", (void *) \&\2},/p'\'''
lt_cv_sys_global_symbol_to_cdecl='sed -n -e '\''s/^T .* \(.*\)$/extern int \1();/p'\'' -e '\''s/^[ABCDGIRSTW]* .* \(.*\)$/extern char \1;/p'\'''
lt_cv_sys_max_cmd_len=1572864
lt_cv_to_host_file_cmd=func_convert_file_noop
lt_cv_to_tool_file_cmd=func_convert_file_noop

## ----------------- ##
## Output variables. ##
## ----------------- ##

ACLOCAL='${SHELL} /home/vintz/Documents/Github_Vintz/KFS/KronOS/xorriso-1.4.6/missing aclocal-1.14'
AMDEPBACKSLASH='\'
AMDEP_FALSE='#'
AMDEP_TRUE=''
AMTAR='$${TAR-tar}'
AM_BACKSLASH='\'
AM_DEFAULT_V='$(AM_DEFAULT_VERBOSITY)'
AM_DEFAULT_VERBOSITY='1'
AM_V='$(V)'
AR='ar'
ARCH='linux'
AUTOCONF='${SHELL} /home/vintz/Documents/Github_Vintz/KFS/KronOS/xorriso-1.4.6/missing autoconf'
AUTOHEADER='${SHELL} /home/vintz/Documents/Github_Vintz/KFS/KronOS/xorriso-1.4.6/missing autoheader'
AUTOMAKE='${SHELL} /home/vintz/Documents/Github_Vintz/KFS/KronOS/xorriso-1.4.6/missing automake-1.14'
AWK='gawk'
BURN_MAJOR_VERSION='1'
BURN_MICRO_VERSION='6'
BURN_MINOR_VERSION='4'
CC='gcc'
CCDEPMODE='depmode=gcc3'
CFLAGS='-DDEBUG -g -pedantic -Wall -Wextra -Wno-unused-parameter -Wno-char-subscripts -Wno-strict-aliasing -g -O2'
CPP='gcc -E'
CPPFLAGS=''
CYGPATH_W='echo'
DEFS='-DHAVE_CONFIG_H'
DEPDIR='.deps'
DLLTOOL='false'
DSYMUTIL=''
DUMPBIN=''
ECHO_C=''
ECHO_N='-n'
ECHO_T=''
EGREP='/usr/bin/grep -E'
EXEEXT=''
FGREP='/usr/bin/grep -F'
GREP='/usr/bin/grep'
INSTALL_DATA='${INSTALL} -m 644'
INSTALL_PROGRAM='${INSTALL}'
INSTALL_SCRIPT='${INSTALL}'
INSTALL_STRIP_PROGRAM='$(install_sh) -c -s'
LD='/usr/bin/ld -m elf_x86_64'
LDFLAGS=''
LIBBURNIA_PKGCONFDIR='${exec_prefix}/lib/pkgconfig'
LIBBURN_ARCH_LIBS=''
LIBCDIO_CFLAGS=''
LIBCDIO_LIBS=''
LIBISOFS_MAJOR_VERSION='1'
LIBISOFS_MICRO_VERSION='6'
LIBISOFS_MINOR_VERSION='4'
LIBOBJS=''
LIBS='-lz '
LIBTOOL='$(SHELL) $(top_builddir)/libtool'
LIBTOOL_DEPS='./ltmain.sh'
LIPO=''
LN_S='ln -s'
LTLIBOBJS=''
MAINT='#'
MAINTAINER_MODE_FALSE=''
MAINTAINER_MODE_TRUE='#'
MAKEINFO='${SHELL} /home/vintz/Documents/Github_Vintz/KFS/KronOS/xorriso-1.4.6/missing makeinfo'
MANIFEST_TOOL=':'
MKDIR_P='/usr/bin/mkdir -p'
NM='/usr/bin/nm -B'
NMEDIT=''
OBJDUMP='objdump'
OBJEXT='o'
OTOOL64=''
OTOOL=''
PACKAGE='xorriso'
PACKAGE_BUGREPORT='http://libburnia-project.org'
PACKAGE_NAME='xorriso'
PACKAGE_STRING='xorriso 1.4.6'
PACKAGE_TARNAME='xorriso'
PACKAGE_URL=''
PACKAGE_VERSION='1.4.6'
PATH_SEPARATOR=':'
PKG_CONFIG=''
PKG_CONFIG_LIBDIR=''
PKG_CONFIG_PATH=''
RANLIB='ranlib'
SED='/usr/bin/sed'
SET_MAKE=''
SHELL='/bin/sh'
STRIP='strip'
THREAD_LIBS='-lpthread'
VERSION='1.4.6'
ac_ct_AR='ar'
ac_ct_CC='gcc'
ac_ct_DUMPBIN=''
am__EXEEXT_FALSE=''
am__EXEEXT_TRUE='#'
am__fastdepCC_FALSE='#'
am__fastdepCC_TRUE=''
am__include='include'
am__isrc=''
am__leading_dot='.'
am__nodep='_no'
am__quote=''
am__tar='$${TAR-tar} chof - "$$tardir"'
am__untar='$${TAR-tar} xf -'
bindir='${exec_prefix}/bin'
build='x86_64-unknown-linux-gnu'
build_alias=''
build_cpu='x86_64'
build_os='linux-gnu'
build_vendor='unknown'
datadir='${datarootdir}'
datarootdir='${prefix}/share'
docdir='${datarootdir}/doc/${PACKAGE_TARNAME}'
dvidir='${docdir}'
exec_prefix='${prefix}'
host='x86_64-unknown-linux-gnu'
host_alias=''
host_cpu='x86_64'
host_os='linux-gnu'
host_vendor='unknown'
htmldir='${docdir}'
includedir='${prefix}/include'
infodir='${datarootdir}/info'
install_sh='${SHELL} /home/vintz/Documents/Github_Vintz/KFS/KronOS/xorriso-1.4.6/install-sh'
libdir='${exec_prefix}/lib'
libexecdir='${exec_prefix}/libexec'
localedir='${datarootdir}/locale'
localstatedir='${prefix}/var'
mandir='${datarootdir}/man'
mkdir_p='$(MKDIR_P)'
oldincludedir='/usr/include'
pdfdir='${docdir}'
prefix='/usr'
program_transform_name='s,x,x,'
psdir='${docdir}'
sbindir='${exec_prefix}/sbin'
sharedstatedir='${prefix}/com'
sysconfdir='${prefix}/etc'
target='x86_64-unknown-linux-gnu'
target_alias=''
target_cpu='x86_64'
target_os='linux-gnu'
target_vendor='unknown'

## ----------- ##
## confdefs.h. ##
## ----------- ##

/* confdefs.h */
#define PACKAGE_NAME "xorriso"
#define PACKAGE_TARNAME "xorriso"
#define PACKAGE_VERSION "1.4.6"
#define PACKAGE_STRING "xorriso 1.4.6"
#define PACKAGE_BUGREPORT "http://libburnia-project.org"
#define PACKAGE_URL ""
#define PACKAGE "xorriso"
#define VERSION "1.4.6"
#define Xorriso_standalonE /**/
#define STDC_HEADERS 1
#define HAVE_SYS_TYPES_H 1
#define HAVE_SYS_STAT_H 1
#define HAVE_STDLIB_H 1
#define HAVE_STRING_H 1
#define HAVE_MEMORY_H 1
#define HAVE_STRINGS_H 1
#define HAVE_INTTYPES_H 1
#define HAVE_STDINT_H 1
#define HAVE_UNISTD_H 1
#define HAVE_FSEEKO 1
#define ICONV_CONST /**/
#define HAVE_DLFCN_H 1
#define LT_OBJDIR ".libs/"
#define HAVE_TM_GMTOFF 1
#define HAVE_TIMEGM 1
#define Libburnia_timezonE timezone
#define Libburn_os_has_statvfS /**/
#define HAVE_LIBZ 1
#define Libisofs_with_zliB /**/
#define LIBJTE_WITH_ZLIB /**/
#define Xorriso_with_libjtE /**/
#define Libisofs_with_libjtE /**/
#define THREADED_CHECKSUMS /**/
#define Xorriso_allow_external_filterS /**/
#define Xorriso_allow_launch_frontenD /**/

configure: exit 0
